<?xml version="1.0" encoding="UTF-8" standalone="no"?><testsuite errors="3" failures="0" name="Job Management in CRM Application" skipped="0" tests="3" time="0.02" timestamp="2025-04-20 12:55:05"><testcase name="Create new Job with dynamic job details"><error message="Expected condition failed: waiting for By.xpath: //div[contains(text(),'AQA Engineer 20250420_125526Jason')] to be displayed (tried for 5 second(s) with 100 milliseconds interval)&#10;Build info: version: '4.27.0', revision: 'd6e718d134'&#10;System info: os.name: 'Windows 11', os.arch: 'amd64', os.version: '10.0', java.version: '17.0.11'&#10;Driver info: driver.version: unknown" type="org.openqa.selenium.NoSuchElementException">Expected condition failed: waiting for By.xpath: //div[contains(text(),'AQA Engineer 20250420_125526Jason')] to be displayed (tried for 5 second(s) with 100 milliseconds interval)
Build info: version: '4.27.0', revision: 'd6e718d134'
System info: os.name: 'Windows 11', os.arch: 'amd64', os.version: '10.0', java.version: '17.0.11'
Driver info: driver.version: unknown</error><system-err>Expected condition failed: waiting for By.xpath: //div[contains(text(),'AQA Engineer 20250420_125526Jason')] to be displayed (tried for 5 second(s) with 100 milliseconds interval)
Build info: version: '4.27.0', revision: 'd6e718d134'
System info: os.name: 'Windows 11', os.arch: 'amd64', os.version: '10.0', java.version: '17.0.11'
Driver info: driver.version: unknown&#13;
Pages.JobTitlesPage.verifyJobCreated(JobTitlesPage.java:37)&#13;
Steps.JobManagementSteps.verifyJobCreation(JobManagementSteps.java:47)&#13;
starter.stepdefinitions.JobManagementTest.admin_should_be_able_to_create_a_new_job(JobManagementTest.java:51)&#13;
✽.Admin should be able to create a new job(classpath:features/AddJobsExamples.feature:10)&#13;
</system-err></testcase></testsuite>